[23:00:59] [ServerMain/INFO]: Environment: Environment[sessionHost=https://sessionserver.mojang.com, servicesHost=https://api.minecraftservices.com, name=PROD]
[23:01:05] [ServerMain/INFO]: Loaded 1370 recipes
[23:01:05] [ServerMain/INFO]: Loaded 1481 advancements
[23:01:05] [Server thread/INFO]: Starting minecraft server version 1.21.4
[23:01:05] [Server thread/INFO]: Loading properties
[23:01:05] [Server thread/INFO]: Default game type: SURVIVAL
[23:01:05] [Server thread/INFO]: Generating keypair
[23:01:06] [Server thread/INFO]: Starting Minecraft server on *:25565
[23:01:06] [Server thread/INFO]: Using epoll channel type
[23:01:06] [Server thread/WARN]: **** SERVER IS RUNNING IN OFFLINE/INSECURE MODE!
[23:01:06] [Server thread/WARN]: The server will make no attempt to authenticate usernames. Beware.
[23:01:06] [Server thread/WARN]: While this makes the game possible to play without internet access, it also opens up the ability for hackers to connect with any username they choose.
[23:01:06] [Server thread/WARN]: To change this, set "online-mode" to "true" in the server.properties file.
[23:01:06] [Server thread/INFO]: Preparing level "world"
[23:01:07] [Server thread/INFO]: Preparing start region for dimension minecraft:overworld
[23:01:16] [Worker-Main-1/INFO]: Preparing spawn area: 0%
[23:01:16] [Worker-Main-1/INFO]: Preparing spawn area: 0%
[23:01:16] [Worker-Main-1/INFO]: Preparing spawn area: 0%
[23:01:16] [Worker-Main-1/INFO]: Preparing spawn area: 0%
[23:01:16] [Worker-Main-1/INFO]: Preparing spawn area: 0%
[23:01:16] [Worker-Main-1/INFO]: Preparing spawn area: 0%
[23:01:16] [Worker-Main-1/INFO]: Preparing spawn area: 0%
[23:01:16] [Worker-Main-1/INFO]: Preparing spawn area: 0%
[23:01:16] [Worker-Main-1/INFO]: Preparing spawn area: 0%
[23:01:16] [Worker-Main-1/INFO]: Preparing spawn area: 0%
[23:01:16] [Worker-Main-1/INFO]: Preparing spawn area: 0%
[23:01:16] [Worker-Main-1/INFO]: Preparing spawn area: 0%
[23:01:16] [Worker-Main-1/INFO]: Preparing spawn area: 0%
[23:01:16] [Worker-Main-1/INFO]: Preparing spawn area: 0%
[23:01:16] [Worker-Main-1/INFO]: Preparing spawn area: 0%
[23:01:16] [Worker-Main-1/INFO]: Preparing spawn area: 0%
[23:01:16] [Worker-Main-1/INFO]: Preparing spawn area: 0%
[23:01:16] [Worker-Main-1/INFO]: Preparing spawn area: 0%
[23:01:16] [Worker-Main-1/INFO]: Preparing spawn area: 0%
[23:01:16] [Worker-Main-1/INFO]: Preparing spawn area: 0%
[23:01:17] [Server thread/INFO]: Time elapsed: 9929 ms
[23:01:17] [Server thread/INFO]: Done (10.716s)! For help, type "help"
[23:01:23] [Server thread/INFO]: Panda14117[/190.62.23.96:54390] logged in with entity id 11 at (-590.6087219033288, 69.0, 631.7089133858407)
[23:01:23] [Server thread/INFO]: Panda14117 joined the game
[23:01:25] [Server thread/WARN]: Can't keep up! Is the server overloaded? Running 2004ms or 40 ticks behind
[23:01:29] [Server thread/INFO]: Panda14117 lost connection: Disconnected
[23:01:29] [Server thread/INFO]: Panda14117 left the game
[23:01:34] [Server thread/INFO]: Stopping the server
[23:01:34] [Server thread/INFO]: Stopping server
[23:01:34] [Server thread/INFO]: Saving players
[23:01:34] [Server thread/INFO]: Saving worlds
[23:01:35] [Server thread/INFO]: Saving chunks for level 'ServerLevel[world]'/minecraft:overworld
[23:01:35] [Server thread/INFO]: Saving chunks for level 'ServerLevel[world]'/minecraft:the_nether
[23:01:35] [Server thread/INFO]: Saving chunks for level 'ServerLevel[world]'/minecraft:the_end
[23:01:35] [Server thread/INFO]: ThreadedAnvilChunkStorage (world): All chunks are saved
[23:01:35] [Server thread/INFO]: ThreadedAnvilChunkStorage (DIM-1): All chunks are saved
[23:01:35] [Server thread/INFO]: ThreadedAnvilChunkStorage (DIM1): All chunks are saved
[23:01:35] [Server thread/INFO]: ThreadedAnvilChunkStorage: All dimensions are saved
